|SourceProjectName:jsemweb.hpr
|DestinationProjectName:ayuda.hs
Acerca_de_JSemWEd.htm
JSemWed\Crear_Modelo_RDF.htm
JSemWed\Crear_QName.htm
JSemWed\Editar_QNames.htm
JSemWed\Eliminar_QName.htm
JSemWed\Ingresar_Statement.htm
JSemWed\Ingreso_de_Resources.htm
JSemWed\Modelos_RDF\Collections\Crear_Collections.htm
JSemWed\Modelos_RDF\Containers\Agregar_elemento_cont.htm
JSemWed\Modelos_RDF\Containers\Creacion_de_Containers.htm
JSemWed\Modelos_RDF\Containers\Eliminar_container.htm
JSemWed\Modelos_RDF\reification\Ingreso_de_Reification.htm
JSemWed\Modelos_RDFS\Creacion_de_Jerarquia_de_Propiedades.htm
JSemWed\Modelos_RDFS\Creacion_de_jerarquias_de_clases.htm
JSemWed\Modelos_RDFS\Creacion_de_Propiedades.htm
JSemWed\Modelos_RDFS\Crear_Clase_RDFS.htm
JSemWed\Modelos_RDFS\Indicacion_del_Dominio_de_una_Propiedad.htm
JSemWed\Modelos_RDFS\Indicacion_del_Rango_de_una_Propiedad.htm
JSemWed\Visualizacion_de_modelos.htm
Semantic_Web\Conceptos_B_sicos\Dise_o_de_Semantic_Web.htm
Semantic_Web\Conceptos_B_sicos\En_que_consiste_Semantic_Web.htm
Semantic_Web\Conceptos_B_sicos\Literales.htm
Semantic_Web\Conceptos_B_sicos\Typed_literals.htm
Semantic_Web\Conceptos_B_sicos\URI.htm
Semantic_Web\Conceptos_B_sicos\Valores_Estructurados.htm
Semantic_Web\Conceptos_B_sicos\Vocabularios.htm
Semantic_Web\modelo\Ingresar_Resources.htm
Semantic_Web\modelo\Ingresar_Statement.htm
Semantic_Web\modelo\representaciones\Representacion_de_Modelos.htm
Semantic_Web\Modelos_RDF\RDF_Collections.htm
Semantic_Web\Modelos_RDF\RDF_Containers.htm
Semantic_Web\Modelos_RDF\RDF_Reification.htm
Semantic_Web\Modelos_RDFS\Clases.htm
Semantic_Web\Modelos_RDFS\Dominio.htm
Semantic_Web\Modelos_RDFS\Jerarquias_de_Propiedades.htm
Semantic_Web\Modelos_RDFS\Propiedades.htm
Semantic_Web\Modelos_RDFS\RDFS.htm
Semantic_Web\Modelos_RDFS\SubClases.htm
Semantic_Web\representacion_de_modelos\RDF_XML.htm
Semantic_Web\representacion_de_modelos\Triples.htm
eHelp.xml
RoboHHRE.lng
jsemweb.glo
default.css
ireif1.GIF
ae1.GIF
isp1.GIF
ireif2.GIF
ccole1.GIF
ae2.GIF
vs1.GIF
isp2.GIF
ccole2.GIF
iqn1.GIF
ccole3.GIF
iqn2.GIF
ccole4.GIF
iqn3.GIF
ec1.GIF
ec2.GIF
id1.GIF
cp1.GIF
cm1.JPG
id2.GIF
cp2.GIF
is1.GIF
is2.GIF
cclase1.GIF
cole1.GIF
ir1.GIF
cclase2.GIF
eqn1.GIF
ir2.GIF
cm2.GIF
irang1.GIF
cclase3.GIF
eqn2.GIF
ir3.GIF
cm3.GIF
irang2.GIF
eqn3.GIF
imagenes\escudo_un.gif
isc1.GIF
isc2.GIF
edqn1.GIF
ireif0.GIF
edqn2.GIF
ehlpdhtm.js
bsscnav4.gif
bsscnav5.gif
bsscnav6.gif
bsscnav7.gif
bsscnav8.gif
bsscjhrs.jar
ayuda_toc.xml
ayuda_ndx.xml
ayuda_glo.xml
ayuda_map.xml
ayuda.hs
